2016-08-22 14:08 INFO  ContextLoader:305 - Root WebApplicationContext: initialization started
2016-08-22 14:08 INFO  XmlWebApplicationContext:578 - Refreshing Root WebApplicationContext: startup date [Mon Aug 22 14:08:40 EEST 2016]; root of context hierarchy
2016-08-22 14:08 INFO  XmlBeanDefinitionReader:317 - Loading XML bean definitions from ServletContext resource [/WEB-INF/spring-mvc-servlet.xml]
2016-08-22 14:08 INFO  XmlBeanDefinitionReader:317 - Loading XML bean definitions from ServletContext resource [/WEB-INF/application-security.xml]
2016-08-22 14:08 INFO  SpringSecurityCoreVersion:59 - You are running with Spring Security Core 4.0.3.RELEASE
2016-08-22 14:08 INFO  SecurityNamespaceHandler:78 - Spring Security 'config' module version is 4.0.3.RELEASE
2016-08-22 14:08 INFO  FilterInvocationSecurityMetadataSourceParser:158 - Creating access control expression attribute 'permitAll' for /users
2016-08-22 14:08 INFO  FilterInvocationSecurityMetadataSourceParser:158 - Creating access control expression attribute 'hasAnyRole('ROLE_ADMIN' ,'ROLE_DEVELOPER', 'ROLE_TEAM_LEAD')' for /users*
2016-08-22 14:08 INFO  FilterInvocationSecurityMetadataSourceParser:158 - Creating access control expression attribute 'hasRole('ROLE_ADMIN')' for /users/admin/add
2016-08-22 14:08 INFO  FilterInvocationSecurityMetadataSourceParser:158 - Creating access control expression attribute 'hasRole('ROLE_ADMIN') or hasRole('ROLE_TEAM_LEAD')' for /users/admin
2016-08-22 14:08 INFO  FilterInvocationSecurityMetadataSourceParser:158 - Creating access control expression attribute 'hasRole('ROLE_TEAM_LEAD')' for /users/admin/teamlead
2016-08-22 14:08 INFO  FilterInvocationSecurityMetadataSourceParser:158 - Creating access control expression attribute 'hasRole('ROLE_ADMIN') or hasRole('ROLE_TEAM_LEAD')' for /users/admin/time/descriptions
2016-08-22 14:08 INFO  HttpSecurityBeanDefinitionParser:306 - Checking sorted filter chain: [Root bean: class [org.springframework.security.web.context.SecurityContextPersistenceFilter]; scope=; abstract=false; lazyInit=false; autowireMode=0; dependencyCheck=0; autowireCandidate=true; primary=false; factoryBeanName=null; factoryMethodName=null; initMethodName=null; destroyMethodName=null, order = 200, Root bean: class [org.springframework.security.web.context.request.async.WebAsyncManagerIntegrationFilter]; scope=; abstract=false; lazyInit=false; autowireMode=0; dependencyCheck=0; autowireCandidate=true; primary=false; factoryBeanName=null; factoryMethodName=null; initMethodName=null; destroyMethodName=null, order = 400, Root bean: class [org.springframework.security.web.header.HeaderWriterFilter]; scope=; abstract=false; lazyInit=false; autowireMode=0; dependencyCheck=0; autowireCandidate=true; primary=false; factoryBeanName=null; factoryMethodName=null; initMethodName=null; destroyMethodName=null, order = 500, Root bean: class [org.springframework.security.web.authentication.logout.LogoutFilter]; scope=; abstract=false; lazyInit=false; autowireMode=0; dependencyCheck=0; autowireCandidate=true; primary=false; factoryBeanName=null; factoryMethodName=null; initMethodName=null; destroyMethodName=null, order = 700, <org.springframework.security.web.authentication.UsernamePasswordAuthenticationFilter#0>, order = 1100, Root bean: class [org.springframework.security.web.authentication.www.BasicAuthenticationFilter]; scope=; abstract=false; lazyInit=false; autowireMode=0; dependencyCheck=0; autowireCandidate=true; primary=false; factoryBeanName=null; factoryMethodName=null; initMethodName=null; destroyMethodName=null, order = 1500, Root bean: class [org.springframework.security.web.savedrequest.RequestCacheAwareFilter]; scope=; abstract=false; lazyInit=false; autowireMode=0; dependencyCheck=0; autowireCandidate=true; primary=false; factoryBeanName=null; factoryMethodName=null; initMethodName=null; destroyMethodName=null, order = 1600, Root bean: class [org.springframework.security.web.servletapi.SecurityContextHolderAwareRequestFilter]; scope=; abstract=false; lazyInit=false; autowireMode=0; dependencyCheck=0; autowireCandidate=true; primary=false; factoryBeanName=null; factoryMethodName=null; initMethodName=null; destroyMethodName=null, order = 1700, Root bean: class [org.springframework.security.web.authentication.AnonymousAuthenticationFilter]; scope=; abstract=false; lazyInit=false; autowireMode=0; dependencyCheck=0; autowireCandidate=true; primary=false; factoryBeanName=null; factoryMethodName=null; initMethodName=null; destroyMethodName=null, order = 2000, Root bean: class [org.springframework.security.web.session.SessionManagementFilter]; scope=; abstract=false; lazyInit=false; autowireMode=0; dependencyCheck=0; autowireCandidate=true; primary=false; factoryBeanName=null; factoryMethodName=null; initMethodName=null; destroyMethodName=null, order = 2100, Root bean: class [org.springframework.security.web.access.ExceptionTranslationFilter]; scope=; abstract=false; lazyInit=false; autowireMode=0; dependencyCheck=0; autowireCandidate=true; primary=false; factoryBeanName=null; factoryMethodName=null; initMethodName=null; destroyMethodName=null, order = 2200, <org.springframework.security.web.access.intercept.FilterSecurityInterceptor#0>, order = 2300]
2016-08-22 14:08 INFO  DriverManagerDataSource:133 - Loaded JDBC driver: com.mysql.jdbc.Driver
2016-08-22 14:08 INFO  Version:37 - HCANN000001: Hibernate Commons Annotations {4.0.2.Final}
2016-08-22 14:08 INFO  Version:41 - HHH000412: Hibernate Core {4.2.21.Final}
2016-08-22 14:08 INFO  Environment:238 - HHH000206: hibernate.properties not found
2016-08-22 14:08 INFO  Environment:345 - HHH000021: Bytecode provider name : javassist
2016-08-22 14:08 INFO  Dialect:130 - HHH000400: Using dialect: org.hibernate.dialect.MySQLDialect
2016-08-22 14:08 INFO  LobCreatorBuilder:94 - HHH000423: Disabling contextual LOB creation as JDBC driver reported JDBC version [3] less than 4
2016-08-22 14:08 INFO  TransactionFactoryInitiator:68 - HHH000399: Using default transaction strategy (direct JDBC transactions)
2016-08-22 14:08 INFO  ASTQueryTranslatorFactory:48 - HHH000397: Using ASTQueryTranslatorFactory
2016-08-22 14:08 INFO  SchemaUpdate:207 - HHH000228: Running hbm2ddl schema update
2016-08-22 14:08 INFO  SchemaUpdate:218 - HHH000102: Fetching database metadata
2016-08-22 14:08 INFO  SchemaUpdate:230 - HHH000396: Updating schema
2016-08-22 14:08 INFO  TableMetadata:66 - HHH000261: Table found: developerstimetracker.project
2016-08-22 14:08 INFO  TableMetadata:67 - HHH000037: Columns: [project_id, project_name]
2016-08-22 14:08 INFO  TableMetadata:69 - HHH000108: Foreign keys: []
2016-08-22 14:08 INFO  TableMetadata:70 - HHH000126: Indexes: [primary]
2016-08-22 14:08 INFO  TableMetadata:66 - HHH000261: Table found: developerstimetracker.user
2016-08-22 14:08 INFO  TableMetadata:67 - HHH000037: Columns: [user_role, user_password, user_id, user_last_name, user_name, user_login, user_position, user_time]
2016-08-22 14:08 INFO  TableMetadata:69 - HHH000108: Foreign keys: []
2016-08-22 14:08 INFO  TableMetadata:70 - HHH000126: Indexes: [primary]
2016-08-22 14:08 INFO  TableMetadata:66 - HHH000261: Table found: developerstimetracker.user_project
2016-08-22 14:08 INFO  TableMetadata:67 - HHH000037: Columns: [user_user_id, user_id, project_id, project_project_id, user_project_id]
2016-08-22 14:08 INFO  TableMetadata:69 - HHH000108: Foreign keys: [fk_hiaemnfkfki8kxekgvatgd02h, user_project_ibfk_2, user_project_ibfk_1, fk_d8s4td862b7ptptje4u5s7gqc]
2016-08-22 14:08 INFO  TableMetadata:70 - HHH000126: Indexes: [foreign_key_1, foreign_key_2, fk_hiaemnfkfki8kxekgvatgd02h, primary, fk_d8s4td862b7ptptje4u5s7gqc]
2016-08-22 14:08 INFO  TableMetadata:66 - HHH000261: Table found: developerstimetracker.user_time
2016-08-22 14:08 INFO  TableMetadata:67 - HHH000037: Columns: [user_user_id, time_id, user_id, project_id, user_date, description, project_project_id, time, user_time]
2016-08-22 14:08 INFO  TableMetadata:69 - HHH000108: Foreign keys: [user_time_ibfk_2, user_time_ibfk_1, fk_19ef64qyhcu6ca3s59mvvcv84, fk_2i629h0kx31sd9v3cgc3n9a45]
2016-08-22 14:08 INFO  TableMetadata:70 - HHH000126: Indexes: [fk_19ef64qyhcu6ca3s59mvvcv84, foreign_key, foreign_key_3, fk_2i629h0kx31sd9v3cgc3n9a45, primary]
2016-08-22 14:08 INFO  TableMetadata:66 - HHH000261: Table found: developerstimetracker.user_user_time
2016-08-22 14:08 INFO  TableMetadata:67 - HHH000037: Columns: [user_user_id, usertime_time_id]
2016-08-22 14:08 INFO  TableMetadata:69 - HHH000108: Foreign keys: [fk_dvhn1ydxoj6rxl4gdel9tt9r2, fk_1a5e1d7l7129ika1cljdqdvra]
2016-08-22 14:08 INFO  TableMetadata:70 - HHH000126: Indexes: [fk_dvhn1ydxoj6rxl4gdel9tt9r2, uk_dvhn1ydxoj6rxl4gdel9tt9r2, fk_1a5e1d7l7129ika1cljdqdvra]
2016-08-22 14:08 INFO  SchemaUpdate:267 - HHH000232: Schema update complete
2016-08-22 14:08 INFO  SimpleUrlHandlerMapping:341 - Mapped URL path [/resources/**] onto handler 'org.springframework.web.servlet.resource.ResourceHttpRequestHandler#0'
2016-08-22 14:08 INFO  RequestMappingHandlerMapping:534 - Mapped "{[/users/admin/teamlead/{userId}/{projectName}/remove],methods=[DELETE]}" onto public java.lang.String com.mycompany.developerstimetracker.controller.DataController.removeUserFromProject(int,java.lang.String)
2016-08-22 14:08 INFO  RequestMappingHandlerMapping:534 - Mapped "{[/users/admin/teamlead/{projectName}/getUsers],methods=[GET]}" onto public java.util.List<com.mycompany.developerstimetracker.entity.User> com.mycompany.developerstimetracker.controller.DataController.getUsersInProject(java.lang.String)
2016-08-22 14:08 INFO  RequestMappingHandlerMapping:534 - Mapped "{[/users/{id}/time/descriptions/bylimit/{limit}],methods=[GET]}" onto public java.util.List<com.mycompany.developerstimetracker.entity.Time> com.mycompany.developerstimetracker.controller.DataController.getUserTimeAndDescriptionByLimit(int,int)
2016-08-22 14:08 INFO  RequestMappingHandlerMapping:534 - Mapped "{[/users/{id}/time/descriptions/bymonth/{month}],methods=[GET]}" onto public java.util.List<com.mycompany.developerstimetracker.entity.Time> com.mycompany.developerstimetracker.controller.DataController.getUserTimeAndDescriptionByMonth(int,java.time.Month)
2016-08-22 14:08 INFO  RequestMappingHandlerMapping:534 - Mapped "{[/users/{id}/time/descriptions/byrange/{fromDate}/{toDate}],methods=[GET]}" onto public java.util.List<com.mycompany.developerstimetracker.entity.Time> com.mycompany.developerstimetracker.controller.DataController.getUserTimeAndDescriptionByRange(int,java.sql.Date,java.sql.Date)
2016-08-22 14:08 INFO  RequestMappingHandlerMapping:534 - Mapped "{[/users/{userid}/{projectname}/update],methods=[PUT]}" onto public com.mycompany.developerstimetracker.entity.Time com.mycompany.developerstimetracker.controller.DataController.updateUserTimeAndDescriptions(java.lang.Integer,java.lang.String,com.mycompany.developerstimetracker.dto.TimeTO)
2016-08-22 14:08 INFO  RequestMappingHandlerMapping:534 - Mapped "{[/users/{id}/availableprojects],methods=[GET]}" onto public java.util.List<com.mycompany.developerstimetracker.entity.Project> com.mycompany.developerstimetracker.controller.DataController.getAvailableProjects(java.lang.Integer)
2016-08-22 14:08 INFO  RequestMappingHandlerMapping:534 - Mapped "{[/users/{id}],methods=[GET]}" onto public com.mycompany.developerstimetracker.entity.User com.mycompany.developerstimetracker.controller.DataController.getUserById(int)
2016-08-22 14:08 INFO  RequestMappingHandlerMapping:534 - Mapped "{[/users/{id}/totaltime],methods=[GET]}" onto public int com.mycompany.developerstimetracker.controller.DataController.getTotalTime(int)
2016-08-22 14:08 INFO  RequestMappingHandlerMapping:534 - Mapped "{[/users/admin/teamlead/report//{id}/byrange/{fromDate}/{toDate}/{format}],methods=[POST]}" onto public java.lang.String com.mycompany.developerstimetracker.controller.DataController.getReportByRange(int,java.sql.Date,java.sql.Date,java.lang.String) throws net.sf.jasperreports.engine.JRException
2016-08-22 14:08 INFO  RequestMappingHandlerMapping:534 - Mapped "{[/users/admin/teamlead/report/{id}/bymonth/{month}/{format}],methods=[POST]}" onto public java.lang.String com.mycompany.developerstimetracker.controller.DataController.getReportByMonth(int,java.time.Month,java.lang.String) throws net.sf.jasperreports.engine.JRException
2016-08-22 14:08 INFO  RequestMappingHandlerMapping:534 - Mapped "{[/users/admin/time/descriptions],methods=[GET]}" onto public java.util.List<com.mycompany.developerstimetracker.entity.User> com.mycompany.developerstimetracker.controller.DataController.getUsers()
2016-08-22 14:08 INFO  RequestMappingHandlerMapping:534 - Mapped "{[/users/admin/add],methods=[POST]}" onto public com.mycompany.developerstimetracker.entity.User com.mycompany.developerstimetracker.controller.DataController.addNewUser(com.mycompany.developerstimetracker.dto.UserTO)
2016-08-22 14:08 INFO  RequestMappingHandlerMapping:534 - Mapped "{[/users/allprojects],methods=[GET]}" onto public java.util.List<com.mycompany.developerstimetracker.entity.Project> com.mycompany.developerstimetracker.controller.DataController.getAllProjects()
2016-08-22 14:08 INFO  RequestMappingHandlerMapping:534 - Mapped "{[/users/admin/teamlead/addproject],methods=[PUT]}" onto public com.mycompany.developerstimetracker.entity.Project com.mycompany.developerstimetracker.controller.DataController.addNewProject(com.mycompany.developerstimetracker.entity.Project)
2016-08-22 14:08 INFO  RequestMappingHandlerMapping:534 - Mapped "{[/users/admin/teamlead/{userId}/{projectName}],methods=[PUT]}" onto public java.lang.String com.mycompany.developerstimetracker.controller.DataController.addUserToProject(int,java.lang.String)
2016-08-22 14:08 INFO  RequestMappingHandlerMapping:534 - Mapped "{[/users/admin]}" onto public java.lang.String com.mycompany.developerstimetracker.controller.PageController.Start(javax.servlet.http.HttpServletRequest,org.springframework.ui.ModelMap)
2016-08-22 14:08 INFO  RequestMappingHandlerMapping:534 - Mapped "{[/users/admin/teamlead],produces=[text/html]}" onto public java.lang.String com.mycompany.developerstimetracker.controller.PageController.teamLead(org.springframework.ui.ModelMap)
2016-08-22 14:08 INFO  RequestMappingHandlerMapping:534 - Mapped "{[/users/{id}],produces=[text/html]}" onto public java.lang.String com.mycompany.developerstimetracker.controller.PageController.getUserById(int,org.springframework.ui.ModelMap)
2016-08-22 14:08 INFO  RequestMappingHandlerMapping:534 - Mapped "{[/users/admin/time/descriptions],produces=[text/html]}" onto public java.lang.String com.mycompany.developerstimetracker.controller.PageController.getUsers(java.util.Map<java.lang.String, java.lang.Object>)
2016-08-22 14:08 INFO  RequestMappingHandlerMapping:534 - Mapped "{[/users/admin/add],produces=[text/html]}" onto public java.lang.String com.mycompany.developerstimetracker.controller.PageController.addNewUser()
2016-08-22 14:08 INFO  RequestMappingHandlerMapping:534 - Mapped "{[/users]}" onto public java.lang.String com.mycompany.developerstimetracker.controller.PageController.logIn()
2016-08-22 14:08 INFO  RequestMappingHandlerMapping:534 - Mapped "{[/users/403]}" onto public java.lang.String com.mycompany.developerstimetracker.controller.PageController.accessDenied()
2016-08-22 14:08 INFO  RequestMappingHandlerAdapter:532 - Looking for @ControllerAdvice: Root WebApplicationContext: startup date [Mon Aug 22 14:08:40 EEST 2016]; root of context hierarchy
2016-08-22 14:08 INFO  RequestMappingHandlerAdapter:532 - Looking for @ControllerAdvice: Root WebApplicationContext: startup date [Mon Aug 22 14:08:40 EEST 2016]; root of context hierarchy
2016-08-22 14:08 INFO  HibernateTransactionManager:360 - Using DataSource [org.springframework.jdbc.datasource.DriverManagerDataSource@3cdd2c43] of Hibernate SessionFactory for HibernateTransactionManager
2016-08-22 14:08 INFO  JdbcUserDetailsManager:115 - No authentication manager set. Reauthentication of users when changing passwords will not be performed.
2016-08-22 14:08 INFO  DefaultSecurityFilterChain:28 - Creating filter chain: org.springframework.security.web.util.matcher.AnyRequestMatcher@1, [org.springframework.security.web.context.SecurityContextPersistenceFilter@358f8e2a, org.springframework.security.web.context.request.async.WebAsyncManagerIntegrationFilter@4a2f37d6, org.springframework.security.web.header.HeaderWriterFilter@3d88dd4a, org.springframework.security.web.authentication.logout.LogoutFilter@5293a3f6, org.springframework.security.web.authentication.UsernamePasswordAuthenticationFilter@1ba49950, org.springframework.security.web.authentication.www.BasicAuthenticationFilter@28868c75, org.springframework.security.web.savedrequest.RequestCacheAwareFilter@539f76a2, org.springframework.security.web.servletapi.SecurityContextHolderAwareRequestFilter@1c5cf334, org.springframework.security.web.authentication.AnonymousAuthenticationFilter@230d97f6, org.springframework.security.web.session.SessionManagementFilter@3f7442c6, org.springframework.security.web.access.ExceptionTranslationFilter@177609ec, org.springframework.security.web.access.intercept.FilterSecurityInterceptor@6cc89d65]
2016-08-22 14:08 INFO  DefaultFilterChainValidator:139 - Checking whether login URL '/users' is accessible with your configuration
2016-08-22 14:08 INFO  ContextLoader:345 - Root WebApplicationContext: initialization completed in 7549 ms
2016-08-22 14:08 INFO  DispatcherServlet:488 - FrameworkServlet 'spring-mvc': initialization started
2016-08-22 14:08 INFO  XmlWebApplicationContext:578 - Refreshing WebApplicationContext for namespace 'spring-mvc-servlet': startup date [Mon Aug 22 14:08:47 EEST 2016]; parent: Root WebApplicationContext
2016-08-22 14:08 INFO  XmlBeanDefinitionReader:317 - Loading XML bean definitions from ServletContext resource [/WEB-INF/spring-mvc-servlet.xml]
2016-08-22 14:08 INFO  DriverManagerDataSource:133 - Loaded JDBC driver: com.mysql.jdbc.Driver
2016-08-22 14:08 INFO  Dialect:130 - HHH000400: Using dialect: org.hibernate.dialect.MySQLDialect
2016-08-22 14:08 INFO  LobCreatorBuilder:94 - HHH000423: Disabling contextual LOB creation as JDBC driver reported JDBC version [3] less than 4
2016-08-22 14:08 INFO  TransactionFactoryInitiator:68 - HHH000399: Using default transaction strategy (direct JDBC transactions)
2016-08-22 14:08 INFO  ASTQueryTranslatorFactory:48 - HHH000397: Using ASTQueryTranslatorFactory
2016-08-22 14:08 INFO  SchemaUpdate:207 - HHH000228: Running hbm2ddl schema update
2016-08-22 14:08 INFO  SchemaUpdate:218 - HHH000102: Fetching database metadata
2016-08-22 14:08 INFO  SchemaUpdate:230 - HHH000396: Updating schema
2016-08-22 14:08 INFO  TableMetadata:66 - HHH000261: Table found: developerstimetracker.project
2016-08-22 14:08 INFO  TableMetadata:67 - HHH000037: Columns: [project_id, project_name]
2016-08-22 14:08 INFO  TableMetadata:69 - HHH000108: Foreign keys: []
2016-08-22 14:08 INFO  TableMetadata:70 - HHH000126: Indexes: [primary]
2016-08-22 14:08 INFO  TableMetadata:66 - HHH000261: Table found: developerstimetracker.user
2016-08-22 14:08 INFO  TableMetadata:67 - HHH000037: Columns: [user_role, user_password, user_id, user_last_name, user_name, user_login, user_position, user_time]
2016-08-22 14:08 INFO  TableMetadata:69 - HHH000108: Foreign keys: []
2016-08-22 14:08 INFO  TableMetadata:70 - HHH000126: Indexes: [primary]
2016-08-22 14:08 INFO  TableMetadata:66 - HHH000261: Table found: developerstimetracker.user_project
2016-08-22 14:08 INFO  TableMetadata:67 - HHH000037: Columns: [user_user_id, user_id, project_id, project_project_id, user_project_id]
2016-08-22 14:08 INFO  TableMetadata:69 - HHH000108: Foreign keys: [fk_hiaemnfkfki8kxekgvatgd02h, user_project_ibfk_2, user_project_ibfk_1, fk_d8s4td862b7ptptje4u5s7gqc]
2016-08-22 14:08 INFO  TableMetadata:70 - HHH000126: Indexes: [foreign_key_1, foreign_key_2, fk_hiaemnfkfki8kxekgvatgd02h, primary, fk_d8s4td862b7ptptje4u5s7gqc]
2016-08-22 14:08 INFO  TableMetadata:66 - HHH000261: Table found: developerstimetracker.user_time
2016-08-22 14:08 INFO  TableMetadata:67 - HHH000037: Columns: [user_user_id, time_id, user_id, project_id, user_date, description, project_project_id, time, user_time]
2016-08-22 14:08 INFO  TableMetadata:69 - HHH000108: Foreign keys: [user_time_ibfk_2, user_time_ibfk_1, fk_19ef64qyhcu6ca3s59mvvcv84, fk_2i629h0kx31sd9v3cgc3n9a45]
2016-08-22 14:08 INFO  TableMetadata:70 - HHH000126: Indexes: [fk_19ef64qyhcu6ca3s59mvvcv84, foreign_key, foreign_key_3, fk_2i629h0kx31sd9v3cgc3n9a45, primary]
2016-08-22 14:08 INFO  TableMetadata:66 - HHH000261: Table found: developerstimetracker.user_user_time
2016-08-22 14:08 INFO  TableMetadata:67 - HHH000037: Columns: [user_user_id, usertime_time_id]
2016-08-22 14:08 INFO  TableMetadata:69 - HHH000108: Foreign keys: [fk_dvhn1ydxoj6rxl4gdel9tt9r2, fk_1a5e1d7l7129ika1cljdqdvra]
2016-08-22 14:08 INFO  TableMetadata:70 - HHH000126: Indexes: [fk_dvhn1ydxoj6rxl4gdel9tt9r2, uk_dvhn1ydxoj6rxl4gdel9tt9r2, fk_1a5e1d7l7129ika1cljdqdvra]
2016-08-22 14:08 INFO  SchemaUpdate:267 - HHH000232: Schema update complete
2016-08-22 14:08 INFO  SimpleUrlHandlerMapping:341 - Mapped URL path [/resources/**] onto handler 'org.springframework.web.servlet.resource.ResourceHttpRequestHandler#0'
2016-08-22 14:08 INFO  RequestMappingHandlerMapping:534 - Mapped "{[/users/admin/teamlead/{userId}/{projectName}/remove],methods=[DELETE]}" onto public java.lang.String com.mycompany.developerstimetracker.controller.DataController.removeUserFromProject(int,java.lang.String)
2016-08-22 14:08 INFO  RequestMappingHandlerMapping:534 - Mapped "{[/users/admin/teamlead/{projectName}/getUsers],methods=[GET]}" onto public java.util.List<com.mycompany.developerstimetracker.entity.User> com.mycompany.developerstimetracker.controller.DataController.getUsersInProject(java.lang.String)
2016-08-22 14:08 INFO  RequestMappingHandlerMapping:534 - Mapped "{[/users/{id}/time/descriptions/bylimit/{limit}],methods=[GET]}" onto public java.util.List<com.mycompany.developerstimetracker.entity.Time> com.mycompany.developerstimetracker.controller.DataController.getUserTimeAndDescriptionByLimit(int,int)
2016-08-22 14:08 INFO  RequestMappingHandlerMapping:534 - Mapped "{[/users/{id}/time/descriptions/bymonth/{month}],methods=[GET]}" onto public java.util.List<com.mycompany.developerstimetracker.entity.Time> com.mycompany.developerstimetracker.controller.DataController.getUserTimeAndDescriptionByMonth(int,java.time.Month)
2016-08-22 14:08 INFO  RequestMappingHandlerMapping:534 - Mapped "{[/users/{id}/time/descriptions/byrange/{fromDate}/{toDate}],methods=[GET]}" onto public java.util.List<com.mycompany.developerstimetracker.entity.Time> com.mycompany.developerstimetracker.controller.DataController.getUserTimeAndDescriptionByRange(int,java.sql.Date,java.sql.Date)
2016-08-22 14:08 INFO  RequestMappingHandlerMapping:534 - Mapped "{[/users/{userid}/{projectname}/update],methods=[PUT]}" onto public com.mycompany.developerstimetracker.entity.Time com.mycompany.developerstimetracker.controller.DataController.updateUserTimeAndDescriptions(java.lang.Integer,java.lang.String,com.mycompany.developerstimetracker.dto.TimeTO)
2016-08-22 14:08 INFO  RequestMappingHandlerMapping:534 - Mapped "{[/users/{id}/availableprojects],methods=[GET]}" onto public java.util.List<com.mycompany.developerstimetracker.entity.Project> com.mycompany.developerstimetracker.controller.DataController.getAvailableProjects(java.lang.Integer)
2016-08-22 14:08 INFO  RequestMappingHandlerMapping:534 - Mapped "{[/users/{id}],methods=[GET]}" onto public com.mycompany.developerstimetracker.entity.User com.mycompany.developerstimetracker.controller.DataController.getUserById(int)
2016-08-22 14:08 INFO  RequestMappingHandlerMapping:534 - Mapped "{[/users/{id}/totaltime],methods=[GET]}" onto public int com.mycompany.developerstimetracker.controller.DataController.getTotalTime(int)
2016-08-22 14:08 INFO  RequestMappingHandlerMapping:534 - Mapped "{[/users/admin/teamlead/report//{id}/byrange/{fromDate}/{toDate}/{format}],methods=[POST]}" onto public java.lang.String com.mycompany.developerstimetracker.controller.DataController.getReportByRange(int,java.sql.Date,java.sql.Date,java.lang.String) throws net.sf.jasperreports.engine.JRException
2016-08-22 14:08 INFO  RequestMappingHandlerMapping:534 - Mapped "{[/users/admin/teamlead/report/{id}/bymonth/{month}/{format}],methods=[POST]}" onto public java.lang.String com.mycompany.developerstimetracker.controller.DataController.getReportByMonth(int,java.time.Month,java.lang.String) throws net.sf.jasperreports.engine.JRException
2016-08-22 14:08 INFO  RequestMappingHandlerMapping:534 - Mapped "{[/users/admin/time/descriptions],methods=[GET]}" onto public java.util.List<com.mycompany.developerstimetracker.entity.User> com.mycompany.developerstimetracker.controller.DataController.getUsers()
2016-08-22 14:08 INFO  RequestMappingHandlerMapping:534 - Mapped "{[/users/admin/add],methods=[POST]}" onto public com.mycompany.developerstimetracker.entity.User com.mycompany.developerstimetracker.controller.DataController.addNewUser(com.mycompany.developerstimetracker.dto.UserTO)
2016-08-22 14:08 INFO  RequestMappingHandlerMapping:534 - Mapped "{[/users/allprojects],methods=[GET]}" onto public java.util.List<com.mycompany.developerstimetracker.entity.Project> com.mycompany.developerstimetracker.controller.DataController.getAllProjects()
2016-08-22 14:08 INFO  RequestMappingHandlerMapping:534 - Mapped "{[/users/admin/teamlead/addproject],methods=[PUT]}" onto public com.mycompany.developerstimetracker.entity.Project com.mycompany.developerstimetracker.controller.DataController.addNewProject(com.mycompany.developerstimetracker.entity.Project)
2016-08-22 14:08 INFO  RequestMappingHandlerMapping:534 - Mapped "{[/users/admin/teamlead/{userId}/{projectName}],methods=[PUT]}" onto public java.lang.String com.mycompany.developerstimetracker.controller.DataController.addUserToProject(int,java.lang.String)
2016-08-22 14:08 INFO  RequestMappingHandlerMapping:534 - Mapped "{[/users/admin]}" onto public java.lang.String com.mycompany.developerstimetracker.controller.PageController.Start(javax.servlet.http.HttpServletRequest,org.springframework.ui.ModelMap)
2016-08-22 14:08 INFO  RequestMappingHandlerMapping:534 - Mapped "{[/users/admin/teamlead],produces=[text/html]}" onto public java.lang.String com.mycompany.developerstimetracker.controller.PageController.teamLead(org.springframework.ui.ModelMap)
2016-08-22 14:08 INFO  RequestMappingHandlerMapping:534 - Mapped "{[/users/{id}],produces=[text/html]}" onto public java.lang.String com.mycompany.developerstimetracker.controller.PageController.getUserById(int,org.springframework.ui.ModelMap)
2016-08-22 14:08 INFO  RequestMappingHandlerMapping:534 - Mapped "{[/users/admin/time/descriptions],produces=[text/html]}" onto public java.lang.String com.mycompany.developerstimetracker.controller.PageController.getUsers(java.util.Map<java.lang.String, java.lang.Object>)
2016-08-22 14:08 INFO  RequestMappingHandlerMapping:534 - Mapped "{[/users/admin/add],produces=[text/html]}" onto public java.lang.String com.mycompany.developerstimetracker.controller.PageController.addNewUser()
2016-08-22 14:08 INFO  RequestMappingHandlerMapping:534 - Mapped "{[/users]}" onto public java.lang.String com.mycompany.developerstimetracker.controller.PageController.logIn()
2016-08-22 14:08 INFO  RequestMappingHandlerMapping:534 - Mapped "{[/users/403]}" onto public java.lang.String com.mycompany.developerstimetracker.controller.PageController.accessDenied()
2016-08-22 14:08 INFO  RequestMappingHandlerAdapter:532 - Looking for @ControllerAdvice: WebApplicationContext for namespace 'spring-mvc-servlet': startup date [Mon Aug 22 14:08:47 EEST 2016]; parent: Root WebApplicationContext
2016-08-22 14:08 INFO  RequestMappingHandlerAdapter:532 - Looking for @ControllerAdvice: WebApplicationContext for namespace 'spring-mvc-servlet': startup date [Mon Aug 22 14:08:47 EEST 2016]; parent: Root WebApplicationContext
2016-08-22 14:08 INFO  HibernateTransactionManager:360 - Using DataSource [org.springframework.jdbc.datasource.DriverManagerDataSource@7bf94722] of Hibernate SessionFactory for HibernateTransactionManager
2016-08-22 14:08 INFO  DispatcherServlet:507 - FrameworkServlet 'spring-mvc': initialization completed in 889 ms
2016-08-22 14:36 INFO  ContextLoader:305 - Root WebApplicationContext: initialization started
2016-08-22 14:36 INFO  XmlWebApplicationContext:578 - Refreshing Root WebApplicationContext: startup date [Mon Aug 22 14:36:45 EEST 2016]; root of context hierarchy
2016-08-22 14:36 INFO  XmlBeanDefinitionReader:317 - Loading XML bean definitions from ServletContext resource [/WEB-INF/spring-mvc-servlet.xml]
2016-08-22 14:36 INFO  XmlBeanDefinitionReader:317 - Loading XML bean definitions from ServletContext resource [/WEB-INF/application-security.xml]
2016-08-22 14:36 INFO  SpringSecurityCoreVersion:59 - You are running with Spring Security Core 4.0.3.RELEASE
2016-08-22 14:36 INFO  SecurityNamespaceHandler:78 - Spring Security 'config' module version is 4.0.3.RELEASE
2016-08-22 14:36 INFO  FilterInvocationSecurityMetadataSourceParser:158 - Creating access control expression attribute 'permitAll' for /users
2016-08-22 14:36 INFO  FilterInvocationSecurityMetadataSourceParser:158 - Creating access control expression attribute 'hasAnyRole('ROLE_ADMIN' ,'ROLE_DEVELOPER', 'ROLE_TEAM_LEAD')' for /users*
2016-08-22 14:36 INFO  FilterInvocationSecurityMetadataSourceParser:158 - Creating access control expression attribute 'hasRole('ROLE_ADMIN')' for /users/admin/add
2016-08-22 14:36 INFO  FilterInvocationSecurityMetadataSourceParser:158 - Creating access control expression attribute 'hasRole('ROLE_ADMIN') or hasRole('ROLE_TEAM_LEAD')' for /users/admin
2016-08-22 14:36 INFO  FilterInvocationSecurityMetadataSourceParser:158 - Creating access control expression attribute 'hasRole('ROLE_TEAM_LEAD')' for /users/admin/teamlead
2016-08-22 14:36 INFO  FilterInvocationSecurityMetadataSourceParser:158 - Creating access control expression attribute 'hasRole('ROLE_ADMIN') or hasRole('ROLE_TEAM_LEAD')' for /users/admin/time/descriptions
2016-08-22 14:36 INFO  HttpSecurityBeanDefinitionParser:306 - Checking sorted filter chain: [Root bean: class [org.springframework.security.web.context.SecurityContextPersistenceFilter]; scope=; abstract=false; lazyInit=false; autowireMode=0; dependencyCheck=0; autowireCandidate=true; primary=false; factoryBeanName=null; factoryMethodName=null; initMethodName=null; destroyMethodName=null, order = 200, Root bean: class [org.springframework.security.web.context.request.async.WebAsyncManagerIntegrationFilter]; scope=; abstract=false; lazyInit=false; autowireMode=0; dependencyCheck=0; autowireCandidate=true; primary=false; factoryBeanName=null; factoryMethodName=null; initMethodName=null; destroyMethodName=null, order = 400, Root bean: class [org.springframework.security.web.header.HeaderWriterFilter]; scope=; abstract=false; lazyInit=false; autowireMode=0; dependencyCheck=0; autowireCandidate=true; primary=false; factoryBeanName=null; factoryMethodName=null; initMethodName=null; destroyMethodName=null, order = 500, Root bean: class [org.springframework.security.web.authentication.logout.LogoutFilter]; scope=; abstract=false; lazyInit=false; autowireMode=0; dependencyCheck=0; autowireCandidate=true; primary=false; factoryBeanName=null; factoryMethodName=null; initMethodName=null; destroyMethodName=null, order = 700, <org.springframework.security.web.authentication.UsernamePasswordAuthenticationFilter#0>, order = 1100, Root bean: class [org.springframework.security.web.authentication.www.BasicAuthenticationFilter]; scope=; abstract=false; lazyInit=false; autowireMode=0; dependencyCheck=0; autowireCandidate=true; primary=false; factoryBeanName=null; factoryMethodName=null; initMethodName=null; destroyMethodName=null, order = 1500, Root bean: class [org.springframework.security.web.savedrequest.RequestCacheAwareFilter]; scope=; abstract=false; lazyInit=false; autowireMode=0; dependencyCheck=0; autowireCandidate=true; primary=false; factoryBeanName=null; factoryMethodName=null; initMethodName=null; destroyMethodName=null, order = 1600, Root bean: class [org.springframework.security.web.servletapi.SecurityContextHolderAwareRequestFilter]; scope=; abstract=false; lazyInit=false; autowireMode=0; dependencyCheck=0; autowireCandidate=true; primary=false; factoryBeanName=null; factoryMethodName=null; initMethodName=null; destroyMethodName=null, order = 1700, Root bean: class [org.springframework.security.web.authentication.AnonymousAuthenticationFilter]; scope=; abstract=false; lazyInit=false; autowireMode=0; dependencyCheck=0; autowireCandidate=true; primary=false; factoryBeanName=null; factoryMethodName=null; initMethodName=null; destroyMethodName=null, order = 2000, Root bean: class [org.springframework.security.web.session.SessionManagementFilter]; scope=; abstract=false; lazyInit=false; autowireMode=0; dependencyCheck=0; autowireCandidate=true; primary=false; factoryBeanName=null; factoryMethodName=null; initMethodName=null; destroyMethodName=null, order = 2100, Root bean: class [org.springframework.security.web.access.ExceptionTranslationFilter]; scope=; abstract=false; lazyInit=false; autowireMode=0; dependencyCheck=0; autowireCandidate=true; primary=false; factoryBeanName=null; factoryMethodName=null; initMethodName=null; destroyMethodName=null, order = 2200, <org.springframework.security.web.access.intercept.FilterSecurityInterceptor#0>, order = 2300]
2016-08-22 14:36 INFO  DriverManagerDataSource:133 - Loaded JDBC driver: com.mysql.jdbc.Driver
2016-08-22 14:36 INFO  Version:37 - HCANN000001: Hibernate Commons Annotations {4.0.2.Final}
2016-08-22 14:36 INFO  Version:41 - HHH000412: Hibernate Core {4.2.21.Final}
2016-08-22 14:36 INFO  Environment:238 - HHH000206: hibernate.properties not found
2016-08-22 14:36 INFO  Environment:345 - HHH000021: Bytecode provider name : javassist
2016-08-22 14:36 INFO  Dialect:130 - HHH000400: Using dialect: org.hibernate.dialect.MySQLDialect
2016-08-22 14:36 INFO  LobCreatorBuilder:94 - HHH000423: Disabling contextual LOB creation as JDBC driver reported JDBC version [3] less than 4
2016-08-22 14:36 INFO  TransactionFactoryInitiator:68 - HHH000399: Using default transaction strategy (direct JDBC transactions)
2016-08-22 14:36 INFO  ASTQueryTranslatorFactory:48 - HHH000397: Using ASTQueryTranslatorFactory
2016-08-22 14:36 INFO  SchemaUpdate:207 - HHH000228: Running hbm2ddl schema update
2016-08-22 14:36 INFO  SchemaUpdate:218 - HHH000102: Fetching database metadata
2016-08-22 14:36 INFO  SchemaUpdate:230 - HHH000396: Updating schema
2016-08-22 14:36 INFO  TableMetadata:66 - HHH000261: Table found: developerstimetracker.project
2016-08-22 14:36 INFO  TableMetadata:67 - HHH000037: Columns: [project_id, project_name]
2016-08-22 14:36 INFO  TableMetadata:69 - HHH000108: Foreign keys: []
2016-08-22 14:36 INFO  TableMetadata:70 - HHH000126: Indexes: [primary]
2016-08-22 14:36 INFO  TableMetadata:66 - HHH000261: Table found: developerstimetracker.user
2016-08-22 14:36 INFO  TableMetadata:67 - HHH000037: Columns: [user_role, user_password, user_id, user_last_name, user_name, user_login, user_position, user_time]
2016-08-22 14:36 INFO  TableMetadata:69 - HHH000108: Foreign keys: []
2016-08-22 14:36 INFO  TableMetadata:70 - HHH000126: Indexes: [primary]
2016-08-22 14:36 INFO  TableMetadata:66 - HHH000261: Table found: developerstimetracker.user_project
2016-08-22 14:36 INFO  TableMetadata:67 - HHH000037: Columns: [user_user_id, user_id, project_id, project_project_id, user_project_id]
2016-08-22 14:36 INFO  TableMetadata:69 - HHH000108: Foreign keys: [fk_hiaemnfkfki8kxekgvatgd02h, user_project_ibfk_2, user_project_ibfk_1, fk_d8s4td862b7ptptje4u5s7gqc]
2016-08-22 14:36 INFO  TableMetadata:70 - HHH000126: Indexes: [foreign_key_1, foreign_key_2, fk_hiaemnfkfki8kxekgvatgd02h, primary, fk_d8s4td862b7ptptje4u5s7gqc]
2016-08-22 14:36 INFO  TableMetadata:66 - HHH000261: Table found: developerstimetracker.user_time
2016-08-22 14:36 INFO  TableMetadata:67 - HHH000037: Columns: [user_user_id, time_id, user_id, project_id, user_date, description, project_project_id, time, user_time]
2016-08-22 14:36 INFO  TableMetadata:69 - HHH000108: Foreign keys: [user_time_ibfk_2, user_time_ibfk_1, fk_19ef64qyhcu6ca3s59mvvcv84, fk_2i629h0kx31sd9v3cgc3n9a45]
2016-08-22 14:36 INFO  TableMetadata:70 - HHH000126: Indexes: [fk_19ef64qyhcu6ca3s59mvvcv84, foreign_key, foreign_key_3, fk_2i629h0kx31sd9v3cgc3n9a45, primary]
2016-08-22 14:36 INFO  TableMetadata:66 - HHH000261: Table found: developerstimetracker.user_user_time
2016-08-22 14:36 INFO  TableMetadata:67 - HHH000037: Columns: [user_user_id, usertime_time_id]
2016-08-22 14:36 INFO  TableMetadata:69 - HHH000108: Foreign keys: [fk_dvhn1ydxoj6rxl4gdel9tt9r2, fk_1a5e1d7l7129ika1cljdqdvra]
2016-08-22 14:36 INFO  TableMetadata:70 - HHH000126: Indexes: [fk_dvhn1ydxoj6rxl4gdel9tt9r2, uk_dvhn1ydxoj6rxl4gdel9tt9r2, fk_1a5e1d7l7129ika1cljdqdvra]
2016-08-22 14:36 INFO  SchemaUpdate:267 - HHH000232: Schema update complete
2016-08-22 14:36 INFO  SimpleUrlHandlerMapping:341 - Mapped URL path [/resources/**] onto handler 'org.springframework.web.servlet.resource.ResourceHttpRequestHandler#0'
2016-08-22 14:36 INFO  RequestMappingHandlerMapping:534 - Mapped "{[/users/admin/teamlead/report/{id}/bymonth/{month}/{format}],methods=[POST]}" onto public java.lang.String com.mycompany.developerstimetracker.controller.DataController.getReportByMonth(int,java.time.Month,java.lang.String) throws net.sf.jasperreports.engine.JRException
2016-08-22 14:36 INFO  RequestMappingHandlerMapping:534 - Mapped "{[/users/{id}/totaltime],methods=[GET]}" onto public int com.mycompany.developerstimetracker.controller.DataController.getTotalTime(int)
2016-08-22 14:36 INFO  RequestMappingHandlerMapping:534 - Mapped "{[/users/admin/teamlead/report//{id}/byrange/{fromDate}/{toDate}/{format}],methods=[POST]}" onto public java.lang.String com.mycompany.developerstimetracker.controller.DataController.getReportByRange(int,java.sql.Date,java.sql.Date,java.lang.String) throws net.sf.jasperreports.engine.JRException
2016-08-22 14:36 INFO  RequestMappingHandlerMapping:534 - Mapped "{[/users/{id}],methods=[GET]}" onto public com.mycompany.developerstimetracker.entity.User com.mycompany.developerstimetracker.controller.DataController.getUserById(int)
2016-08-22 14:36 INFO  RequestMappingHandlerMapping:534 - Mapped "{[/users/admin/teamlead/{userId}/{projectName}],methods=[PUT]}" onto public java.lang.String com.mycompany.developerstimetracker.controller.DataController.addUserToProject(int,java.lang.String)
2016-08-22 14:36 INFO  RequestMappingHandlerMapping:534 - Mapped "{[/users/allprojects],methods=[GET]}" onto public java.util.List<com.mycompany.developerstimetracker.entity.Project> com.mycompany.developerstimetracker.controller.DataController.getAllProjects()
2016-08-22 14:36 INFO  RequestMappingHandlerMapping:534 - Mapped "{[/users/admin/add],methods=[POST]}" onto public com.mycompany.developerstimetracker.entity.User com.mycompany.developerstimetracker.controller.DataController.addNewUser(com.mycompany.developerstimetracker.dto.UserTO)
2016-08-22 14:36 INFO  RequestMappingHandlerMapping:534 - Mapped "{[/users/admin/time/descriptions],methods=[GET]}" onto public java.util.List<com.mycompany.developerstimetracker.entity.User> com.mycompany.developerstimetracker.controller.DataController.getUsers()
2016-08-22 14:36 INFO  RequestMappingHandlerMapping:534 - Mapped "{[/users/admin/teamlead/addproject],methods=[PUT]}" onto public com.mycompany.developerstimetracker.entity.Project com.mycompany.developerstimetracker.controller.DataController.addNewProject(com.mycompany.developerstimetracker.entity.Project)
2016-08-22 14:36 INFO  RequestMappingHandlerMapping:534 - Mapped "{[/users/{id}/time/descriptions/bymonth/{month}],methods=[GET]}" onto public java.util.List<com.mycompany.developerstimetracker.entity.Time> com.mycompany.developerstimetracker.controller.DataController.getUserTimeAndDescriptionByMonth(int,java.time.Month)
2016-08-22 14:36 INFO  RequestMappingHandlerMapping:534 - Mapped "{[/users/{userid}/{projectname}/update],methods=[PUT]}" onto public com.mycompany.developerstimetracker.entity.Time com.mycompany.developerstimetracker.controller.DataController.updateUserTimeAndDescriptions(java.lang.Integer,java.lang.String,com.mycompany.developerstimetracker.dto.TimeTO)
2016-08-22 14:36 INFO  RequestMappingHandlerMapping:534 - Mapped "{[/users/{id}/time/descriptions/bylimit/{limit}],methods=[GET]}" onto public java.util.List<com.mycompany.developerstimetracker.entity.Time> com.mycompany.developerstimetracker.controller.DataController.getUserTimeAndDescriptionByLimit(int,int)
2016-08-22 14:36 INFO  RequestMappingHandlerMapping:534 - Mapped "{[/users/{id}/time/descriptions/byrange/{fromDate}/{toDate}],methods=[GET]}" onto public java.util.List<com.mycompany.developerstimetracker.entity.Time> com.mycompany.developerstimetracker.controller.DataController.getUserTimeAndDescriptionByRange(int,java.sql.Date,java.sql.Date)
2016-08-22 14:36 INFO  RequestMappingHandlerMapping:534 - Mapped "{[/users/{id}/availableprojects],methods=[GET]}" onto public java.util.List<com.mycompany.developerstimetracker.entity.Project> com.mycompany.developerstimetracker.controller.DataController.getAvailableProjects(java.lang.Integer)
2016-08-22 14:36 INFO  RequestMappingHandlerMapping:534 - Mapped "{[/users/admin/teamlead/{userId}/{projectName}/remove],methods=[DELETE]}" onto public java.lang.String com.mycompany.developerstimetracker.controller.DataController.removeUserFromProject(int,java.lang.String)
2016-08-22 14:36 INFO  RequestMappingHandlerMapping:534 - Mapped "{[/users/admin/teamlead/{projectName}/getUsers],methods=[GET]}" onto public java.util.List<com.mycompany.developerstimetracker.entity.User> com.mycompany.developerstimetracker.controller.DataController.getUsersInProject(java.lang.String)
2016-08-22 14:36 INFO  RequestMappingHandlerMapping:534 - Mapped "{[/users]}" onto public java.lang.String com.mycompany.developerstimetracker.controller.PageController.logIn()
2016-08-22 14:36 INFO  RequestMappingHandlerMapping:534 - Mapped "{[/users/{id}],produces=[text/html]}" onto public java.lang.String com.mycompany.developerstimetracker.controller.PageController.getUserById(int,org.springframework.ui.ModelMap)
2016-08-22 14:36 INFO  RequestMappingHandlerMapping:534 - Mapped "{[/users/admin/teamlead],produces=[text/html]}" onto public java.lang.String com.mycompany.developerstimetracker.controller.PageController.teamLead(org.springframework.ui.ModelMap)
2016-08-22 14:36 INFO  RequestMappingHandlerMapping:534 - Mapped "{[/users/admin/add],produces=[text/html]}" onto public java.lang.String com.mycompany.developerstimetracker.controller.PageController.addNewUser()
2016-08-22 14:36 INFO  RequestMappingHandlerMapping:534 - Mapped "{[/users/403]}" onto public java.lang.String com.mycompany.developerstimetracker.controller.PageController.accessDenied()
2016-08-22 14:36 INFO  RequestMappingHandlerMapping:534 - Mapped "{[/users/admin/time/descriptions],produces=[text/html]}" onto public java.lang.String com.mycompany.developerstimetracker.controller.PageController.getUsers(java.util.Map<java.lang.String, java.lang.Object>)
2016-08-22 14:36 INFO  RequestMappingHandlerMapping:534 - Mapped "{[/users/admin]}" onto public java.lang.String com.mycompany.developerstimetracker.controller.PageController.Start(javax.servlet.http.HttpServletRequest,org.springframework.ui.ModelMap)
2016-08-22 14:36 INFO  RequestMappingHandlerAdapter:532 - Looking for @ControllerAdvice: Root WebApplicationContext: startup date [Mon Aug 22 14:36:45 EEST 2016]; root of context hierarchy
2016-08-22 14:36 INFO  RequestMappingHandlerAdapter:532 - Looking for @ControllerAdvice: Root WebApplicationContext: startup date [Mon Aug 22 14:36:45 EEST 2016]; root of context hierarchy
2016-08-22 14:36 INFO  HibernateTransactionManager:360 - Using DataSource [org.springframework.jdbc.datasource.DriverManagerDataSource@4ff9250f] of Hibernate SessionFactory for HibernateTransactionManager
2016-08-22 14:36 INFO  JdbcUserDetailsManager:115 - No authentication manager set. Reauthentication of users when changing passwords will not be performed.
2016-08-22 14:36 INFO  DefaultSecurityFilterChain:28 - Creating filter chain: org.springframework.security.web.util.matcher.AnyRequestMatcher@1, [org.springframework.security.web.context.SecurityContextPersistenceFilter@3f13f87b, org.springframework.security.web.context.request.async.WebAsyncManagerIntegrationFilter@77a2f882, org.springframework.security.web.header.HeaderWriterFilter@7b0a0000, org.springframework.security.web.authentication.logout.LogoutFilter@2e8911a5, org.springframework.security.web.authentication.UsernamePasswordAuthenticationFilter@e79f42f, org.springframework.security.web.authentication.www.BasicAuthenticationFilter@6e7f6b8a, org.springframework.security.web.savedrequest.RequestCacheAwareFilter@455e7c45, org.springframework.security.web.servletapi.SecurityContextHolderAwareRequestFilter@23bc5972, org.springframework.security.web.authentication.AnonymousAuthenticationFilter@622509a6, org.springframework.security.web.session.SessionManagementFilter@77131d53, org.springframework.security.web.access.ExceptionTranslationFilter@4199fba0, org.springframework.security.web.access.intercept.FilterSecurityInterceptor@2f4d28]
2016-08-22 14:36 INFO  DefaultFilterChainValidator:139 - Checking whether login URL '/users' is accessible with your configuration
2016-08-22 14:36 INFO  ContextLoader:345 - Root WebApplicationContext: initialization completed in 9018 ms
2016-08-22 14:36 INFO  DispatcherServlet:488 - FrameworkServlet 'spring-mvc': initialization started
2016-08-22 14:36 INFO  XmlWebApplicationContext:578 - Refreshing WebApplicationContext for namespace 'spring-mvc-servlet': startup date [Mon Aug 22 14:36:54 EEST 2016]; parent: Root WebApplicationContext
2016-08-22 14:36 INFO  XmlBeanDefinitionReader:317 - Loading XML bean definitions from ServletContext resource [/WEB-INF/spring-mvc-servlet.xml]
2016-08-22 14:36 INFO  DriverManagerDataSource:133 - Loaded JDBC driver: com.mysql.jdbc.Driver
2016-08-22 14:36 INFO  Dialect:130 - HHH000400: Using dialect: org.hibernate.dialect.MySQLDialect
2016-08-22 14:36 INFO  LobCreatorBuilder:94 - HHH000423: Disabling contextual LOB creation as JDBC driver reported JDBC version [3] less than 4
2016-08-22 14:36 INFO  TransactionFactoryInitiator:68 - HHH000399: Using default transaction strategy (direct JDBC transactions)
2016-08-22 14:36 INFO  ASTQueryTranslatorFactory:48 - HHH000397: Using ASTQueryTranslatorFactory
2016-08-22 14:36 INFO  SchemaUpdate:207 - HHH000228: Running hbm2ddl schema update
2016-08-22 14:36 INFO  SchemaUpdate:218 - HHH000102: Fetching database metadata
2016-08-22 14:36 INFO  SchemaUpdate:230 - HHH000396: Updating schema
2016-08-22 14:36 INFO  TableMetadata:66 - HHH000261: Table found: developerstimetracker.project
2016-08-22 14:36 INFO  TableMetadata:67 - HHH000037: Columns: [project_id, project_name]
2016-08-22 14:36 INFO  TableMetadata:69 - HHH000108: Foreign keys: []
2016-08-22 14:36 INFO  TableMetadata:70 - HHH000126: Indexes: [primary]
2016-08-22 14:36 INFO  TableMetadata:66 - HHH000261: Table found: developerstimetracker.user
2016-08-22 14:36 INFO  TableMetadata:67 - HHH000037: Columns: [user_role, user_password, user_id, user_last_name, user_name, user_login, user_position, user_time]
2016-08-22 14:36 INFO  TableMetadata:69 - HHH000108: Foreign keys: []
2016-08-22 14:36 INFO  TableMetadata:70 - HHH000126: Indexes: [primary]
2016-08-22 14:36 INFO  TableMetadata:66 - HHH000261: Table found: developerstimetracker.user_project
2016-08-22 14:36 INFO  TableMetadata:67 - HHH000037: Columns: [user_user_id, user_id, project_id, project_project_id, user_project_id]
2016-08-22 14:36 INFO  TableMetadata:69 - HHH000108: Foreign keys: [fk_hiaemnfkfki8kxekgvatgd02h, user_project_ibfk_2, user_project_ibfk_1, fk_d8s4td862b7ptptje4u5s7gqc]
2016-08-22 14:36 INFO  TableMetadata:70 - HHH000126: Indexes: [foreign_key_1, foreign_key_2, fk_hiaemnfkfki8kxekgvatgd02h, primary, fk_d8s4td862b7ptptje4u5s7gqc]
2016-08-22 14:36 INFO  TableMetadata:66 - HHH000261: Table found: developerstimetracker.user_time
2016-08-22 14:36 INFO  TableMetadata:67 - HHH000037: Columns: [user_user_id, time_id, user_id, project_id, user_date, description, project_project_id, time, user_time]
2016-08-22 14:36 INFO  TableMetadata:69 - HHH000108: Foreign keys: [user_time_ibfk_2, user_time_ibfk_1, fk_19ef64qyhcu6ca3s59mvvcv84, fk_2i629h0kx31sd9v3cgc3n9a45]
2016-08-22 14:36 INFO  TableMetadata:70 - HHH000126: Indexes: [fk_19ef64qyhcu6ca3s59mvvcv84, foreign_key, foreign_key_3, fk_2i629h0kx31sd9v3cgc3n9a45, primary]
2016-08-22 14:36 INFO  TableMetadata:66 - HHH000261: Table found: developerstimetracker.user_user_time
2016-08-22 14:36 INFO  TableMetadata:67 - HHH000037: Columns: [user_user_id, usertime_time_id]
2016-08-22 14:36 INFO  TableMetadata:69 - HHH000108: Foreign keys: [fk_dvhn1ydxoj6rxl4gdel9tt9r2, fk_1a5e1d7l7129ika1cljdqdvra]
2016-08-22 14:36 INFO  TableMetadata:70 - HHH000126: Indexes: [fk_dvhn1ydxoj6rxl4gdel9tt9r2, uk_dvhn1ydxoj6rxl4gdel9tt9r2, fk_1a5e1d7l7129ika1cljdqdvra]
2016-08-22 14:36 INFO  SchemaUpdate:267 - HHH000232: Schema update complete
2016-08-22 14:36 INFO  SimpleUrlHandlerMapping:341 - Mapped URL path [/resources/**] onto handler 'org.springframework.web.servlet.resource.ResourceHttpRequestHandler#0'
2016-08-22 14:36 INFO  RequestMappingHandlerMapping:534 - Mapped "{[/users/admin/teamlead/report/{id}/bymonth/{month}/{format}],methods=[POST]}" onto public java.lang.String com.mycompany.developerstimetracker.controller.DataController.getReportByMonth(int,java.time.Month,java.lang.String) throws net.sf.jasperreports.engine.JRException
2016-08-22 14:36 INFO  RequestMappingHandlerMapping:534 - Mapped "{[/users/{id}/totaltime],methods=[GET]}" onto public int com.mycompany.developerstimetracker.controller.DataController.getTotalTime(int)
2016-08-22 14:36 INFO  RequestMappingHandlerMapping:534 - Mapped "{[/users/admin/teamlead/report//{id}/byrange/{fromDate}/{toDate}/{format}],methods=[POST]}" onto public java.lang.String com.mycompany.developerstimetracker.controller.DataController.getReportByRange(int,java.sql.Date,java.sql.Date,java.lang.String) throws net.sf.jasperreports.engine.JRException
2016-08-22 14:36 INFO  RequestMappingHandlerMapping:534 - Mapped "{[/users/{id}],methods=[GET]}" onto public com.mycompany.developerstimetracker.entity.User com.mycompany.developerstimetracker.controller.DataController.getUserById(int)
2016-08-22 14:36 INFO  RequestMappingHandlerMapping:534 - Mapped "{[/users/admin/teamlead/{userId}/{projectName}],methods=[PUT]}" onto public java.lang.String com.mycompany.developerstimetracker.controller.DataController.addUserToProject(int,java.lang.String)
2016-08-22 14:36 INFO  RequestMappingHandlerMapping:534 - Mapped "{[/users/allprojects],methods=[GET]}" onto public java.util.List<com.mycompany.developerstimetracker.entity.Project> com.mycompany.developerstimetracker.controller.DataController.getAllProjects()
2016-08-22 14:36 INFO  RequestMappingHandlerMapping:534 - Mapped "{[/users/admin/add],methods=[POST]}" onto public com.mycompany.developerstimetracker.entity.User com.mycompany.developerstimetracker.controller.DataController.addNewUser(com.mycompany.developerstimetracker.dto.UserTO)
2016-08-22 14:36 INFO  RequestMappingHandlerMapping:534 - Mapped "{[/users/admin/time/descriptions],methods=[GET]}" onto public java.util.List<com.mycompany.developerstimetracker.entity.User> com.mycompany.developerstimetracker.controller.DataController.getUsers()
2016-08-22 14:36 INFO  RequestMappingHandlerMapping:534 - Mapped "{[/users/admin/teamlead/addproject],methods=[PUT]}" onto public com.mycompany.developerstimetracker.entity.Project com.mycompany.developerstimetracker.controller.DataController.addNewProject(com.mycompany.developerstimetracker.entity.Project)
2016-08-22 14:36 INFO  RequestMappingHandlerMapping:534 - Mapped "{[/users/{id}/time/descriptions/bymonth/{month}],methods=[GET]}" onto public java.util.List<com.mycompany.developerstimetracker.entity.Time> com.mycompany.developerstimetracker.controller.DataController.getUserTimeAndDescriptionByMonth(int,java.time.Month)
2016-08-22 14:36 INFO  RequestMappingHandlerMapping:534 - Mapped "{[/users/{userid}/{projectname}/update],methods=[PUT]}" onto public com.mycompany.developerstimetracker.entity.Time com.mycompany.developerstimetracker.controller.DataController.updateUserTimeAndDescriptions(java.lang.Integer,java.lang.String,com.mycompany.developerstimetracker.dto.TimeTO)
2016-08-22 14:36 INFO  RequestMappingHandlerMapping:534 - Mapped "{[/users/{id}/time/descriptions/bylimit/{limit}],methods=[GET]}" onto public java.util.List<com.mycompany.developerstimetracker.entity.Time> com.mycompany.developerstimetracker.controller.DataController.getUserTimeAndDescriptionByLimit(int,int)
2016-08-22 14:36 INFO  RequestMappingHandlerMapping:534 - Mapped "{[/users/{id}/time/descriptions/byrange/{fromDate}/{toDate}],methods=[GET]}" onto public java.util.List<com.mycompany.developerstimetracker.entity.Time> com.mycompany.developerstimetracker.controller.DataController.getUserTimeAndDescriptionByRange(int,java.sql.Date,java.sql.Date)
2016-08-22 14:36 INFO  RequestMappingHandlerMapping:534 - Mapped "{[/users/{id}/availableprojects],methods=[GET]}" onto public java.util.List<com.mycompany.developerstimetracker.entity.Project> com.mycompany.developerstimetracker.controller.DataController.getAvailableProjects(java.lang.Integer)
2016-08-22 14:36 INFO  RequestMappingHandlerMapping:534 - Mapped "{[/users/admin/teamlead/{userId}/{projectName}/remove],methods=[DELETE]}" onto public java.lang.String com.mycompany.developerstimetracker.controller.DataController.removeUserFromProject(int,java.lang.String)
2016-08-22 14:36 INFO  RequestMappingHandlerMapping:534 - Mapped "{[/users/admin/teamlead/{projectName}/getUsers],methods=[GET]}" onto public java.util.List<com.mycompany.developerstimetracker.entity.User> com.mycompany.developerstimetracker.controller.DataController.getUsersInProject(java.lang.String)
2016-08-22 14:36 INFO  RequestMappingHandlerMapping:534 - Mapped "{[/users]}" onto public java.lang.String com.mycompany.developerstimetracker.controller.PageController.logIn()
2016-08-22 14:36 INFO  RequestMappingHandlerMapping:534 - Mapped "{[/users/{id}],produces=[text/html]}" onto public java.lang.String com.mycompany.developerstimetracker.controller.PageController.getUserById(int,org.springframework.ui.ModelMap)
2016-08-22 14:36 INFO  RequestMappingHandlerMapping:534 - Mapped "{[/users/admin/teamlead],produces=[text/html]}" onto public java.lang.String com.mycompany.developerstimetracker.controller.PageController.teamLead(org.springframework.ui.ModelMap)
2016-08-22 14:36 INFO  RequestMappingHandlerMapping:534 - Mapped "{[/users/admin/add],produces=[text/html]}" onto public java.lang.String com.mycompany.developerstimetracker.controller.PageController.addNewUser()
2016-08-22 14:36 INFO  RequestMappingHandlerMapping:534 - Mapped "{[/users/403]}" onto public java.lang.String com.mycompany.developerstimetracker.controller.PageController.accessDenied()
2016-08-22 14:36 INFO  RequestMappingHandlerMapping:534 - Mapped "{[/users/admin/time/descriptions],produces=[text/html]}" onto public java.lang.String com.mycompany.developerstimetracker.controller.PageController.getUsers(java.util.Map<java.lang.String, java.lang.Object>)
2016-08-22 14:36 INFO  RequestMappingHandlerMapping:534 - Mapped "{[/users/admin]}" onto public java.lang.String com.mycompany.developerstimetracker.controller.PageController.Start(javax.servlet.http.HttpServletRequest,org.springframework.ui.ModelMap)
2016-08-22 14:36 INFO  RequestMappingHandlerAdapter:532 - Looking for @ControllerAdvice: WebApplicationContext for namespace 'spring-mvc-servlet': startup date [Mon Aug 22 14:36:54 EEST 2016]; parent: Root WebApplicationContext
2016-08-22 14:36 INFO  RequestMappingHandlerAdapter:532 - Looking for @ControllerAdvice: WebApplicationContext for namespace 'spring-mvc-servlet': startup date [Mon Aug 22 14:36:54 EEST 2016]; parent: Root WebApplicationContext
2016-08-22 14:36 INFO  HibernateTransactionManager:360 - Using DataSource [org.springframework.jdbc.datasource.DriverManagerDataSource@574671de] of Hibernate SessionFactory for HibernateTransactionManager
2016-08-22 14:36 INFO  DispatcherServlet:507 - FrameworkServlet 'spring-mvc': initialization completed in 934 ms
2016-08-22 14:38 INFO  ContextLoader:305 - Root WebApplicationContext: initialization started
2016-08-22 14:38 INFO  XmlWebApplicationContext:578 - Refreshing Root WebApplicationContext: startup date [Mon Aug 22 14:38:29 EEST 2016]; root of context hierarchy
2016-08-22 14:38 INFO  XmlBeanDefinitionReader:317 - Loading XML bean definitions from ServletContext resource [/WEB-INF/spring-mvc-servlet.xml]
2016-08-22 14:38 INFO  XmlBeanDefinitionReader:317 - Loading XML bean definitions from ServletContext resource [/WEB-INF/application-security.xml]
2016-08-22 14:38 INFO  SpringSecurityCoreVersion:59 - You are running with Spring Security Core 4.0.3.RELEASE
2016-08-22 14:38 INFO  SecurityNamespaceHandler:78 - Spring Security 'config' module version is 4.0.3.RELEASE
2016-08-22 14:38 INFO  FilterInvocationSecurityMetadataSourceParser:158 - Creating access control expression attribute 'permitAll' for /users
2016-08-22 14:38 INFO  FilterInvocationSecurityMetadataSourceParser:158 - Creating access control expression attribute 'hasAnyRole('ROLE_ADMIN' ,'ROLE_DEVELOPER', 'ROLE_TEAM_LEAD')' for /users*
2016-08-22 14:38 INFO  FilterInvocationSecurityMetadataSourceParser:158 - Creating access control expression attribute 'hasRole('ROLE_ADMIN')' for /users/admin/add
2016-08-22 14:38 INFO  FilterInvocationSecurityMetadataSourceParser:158 - Creating access control expression attribute 'hasRole('ROLE_ADMIN') or hasRole('ROLE_TEAM_LEAD')' for /users/admin
2016-08-22 14:38 INFO  FilterInvocationSecurityMetadataSourceParser:158 - Creating access control expression attribute 'hasRole('ROLE_TEAM_LEAD')' for /users/admin/teamlead
2016-08-22 14:38 INFO  FilterInvocationSecurityMetadataSourceParser:158 - Creating access control expression attribute 'hasRole('ROLE_ADMIN') or hasRole('ROLE_TEAM_LEAD')' for /users/admin/time/descriptions
2016-08-22 14:38 INFO  HttpSecurityBeanDefinitionParser:306 - Checking sorted filter chain: [Root bean: class [org.springframework.security.web.context.SecurityContextPersistenceFilter]; scope=; abstract=false; lazyInit=false; autowireMode=0; dependencyCheck=0; autowireCandidate=true; primary=false; factoryBeanName=null; factoryMethodName=null; initMethodName=null; destroyMethodName=null, order = 200, Root bean: class [org.springframework.security.web.context.request.async.WebAsyncManagerIntegrationFilter]; scope=; abstract=false; lazyInit=false; autowireMode=0; dependencyCheck=0; autowireCandidate=true; primary=false; factoryBeanName=null; factoryMethodName=null; initMethodName=null; destroyMethodName=null, order = 400, Root bean: class [org.springframework.security.web.header.HeaderWriterFilter]; scope=; abstract=false; lazyInit=false; autowireMode=0; dependencyCheck=0; autowireCandidate=true; primary=false; factoryBeanName=null; factoryMethodName=null; initMethodName=null; destroyMethodName=null, order = 500, Root bean: class [org.springframework.security.web.authentication.logout.LogoutFilter]; scope=; abstract=false; lazyInit=false; autowireMode=0; dependencyCheck=0; autowireCandidate=true; primary=false; factoryBeanName=null; factoryMethodName=null; initMethodName=null; destroyMethodName=null, order = 700, <org.springframework.security.web.authentication.UsernamePasswordAuthenticationFilter#0>, order = 1100, Root bean: class [org.springframework.security.web.authentication.www.BasicAuthenticationFilter]; scope=; abstract=false; lazyInit=false; autowireMode=0; dependencyCheck=0; autowireCandidate=true; primary=false; factoryBeanName=null; factoryMethodName=null; initMethodName=null; destroyMethodName=null, order = 1500, Root bean: class [org.springframework.security.web.savedrequest.RequestCacheAwareFilter]; scope=; abstract=false; lazyInit=false; autowireMode=0; dependencyCheck=0; autowireCandidate=true; primary=false; factoryBeanName=null; factoryMethodName=null; initMethodName=null; destroyMethodName=null, order = 1600, Root bean: class [org.springframework.security.web.servletapi.SecurityContextHolderAwareRequestFilter]; scope=; abstract=false; lazyInit=false; autowireMode=0; dependencyCheck=0; autowireCandidate=true; primary=false; factoryBeanName=null; factoryMethodName=null; initMethodName=null; destroyMethodName=null, order = 1700, Root bean: class [org.springframework.security.web.authentication.AnonymousAuthenticationFilter]; scope=; abstract=false; lazyInit=false; autowireMode=0; dependencyCheck=0; autowireCandidate=true; primary=false; factoryBeanName=null; factoryMethodName=null; initMethodName=null; destroyMethodName=null, order = 2000, Root bean: class [org.springframework.security.web.session.SessionManagementFilter]; scope=; abstract=false; lazyInit=false; autowireMode=0; dependencyCheck=0; autowireCandidate=true; primary=false; factoryBeanName=null; factoryMethodName=null; initMethodName=null; destroyMethodName=null, order = 2100, Root bean: class [org.springframework.security.web.access.ExceptionTranslationFilter]; scope=; abstract=false; lazyInit=false; autowireMode=0; dependencyCheck=0; autowireCandidate=true; primary=false; factoryBeanName=null; factoryMethodName=null; initMethodName=null; destroyMethodName=null, order = 2200, <org.springframework.security.web.access.intercept.FilterSecurityInterceptor#0>, order = 2300]
2016-08-22 14:38 INFO  DriverManagerDataSource:133 - Loaded JDBC driver: com.mysql.jdbc.Driver
2016-08-22 14:38 INFO  Version:37 - HCANN000001: Hibernate Commons Annotations {4.0.2.Final}
2016-08-22 14:38 INFO  Version:41 - HHH000412: Hibernate Core {4.2.21.Final}
2016-08-22 14:38 INFO  Environment:238 - HHH000206: hibernate.properties not found
2016-08-22 14:38 INFO  Environment:345 - HHH000021: Bytecode provider name : javassist
2016-08-22 14:38 INFO  Dialect:130 - HHH000400: Using dialect: org.hibernate.dialect.MySQLDialect
2016-08-22 14:38 INFO  LobCreatorBuilder:94 - HHH000423: Disabling contextual LOB creation as JDBC driver reported JDBC version [3] less than 4
2016-08-22 14:38 INFO  TransactionFactoryInitiator:68 - HHH000399: Using default transaction strategy (direct JDBC transactions)
2016-08-22 14:38 INFO  ASTQueryTranslatorFactory:48 - HHH000397: Using ASTQueryTranslatorFactory
2016-08-22 14:38 INFO  SchemaUpdate:207 - HHH000228: Running hbm2ddl schema update
2016-08-22 14:38 INFO  SchemaUpdate:218 - HHH000102: Fetching database metadata
2016-08-22 14:38 INFO  SchemaUpdate:230 - HHH000396: Updating schema
2016-08-22 14:38 INFO  TableMetadata:66 - HHH000261: Table found: developerstimetracker.project
2016-08-22 14:38 INFO  TableMetadata:67 - HHH000037: Columns: [project_id, project_name]
2016-08-22 14:38 INFO  TableMetadata:69 - HHH000108: Foreign keys: []
2016-08-22 14:38 INFO  TableMetadata:70 - HHH000126: Indexes: [primary]
2016-08-22 14:38 INFO  TableMetadata:66 - HHH000261: Table found: developerstimetracker.user
2016-08-22 14:38 INFO  TableMetadata:67 - HHH000037: Columns: [user_role, user_password, user_id, user_last_name, user_name, user_login, user_position, user_time]
2016-08-22 14:38 INFO  TableMetadata:69 - HHH000108: Foreign keys: []
2016-08-22 14:38 INFO  TableMetadata:70 - HHH000126: Indexes: [primary]
2016-08-22 14:38 INFO  TableMetadata:66 - HHH000261: Table found: developerstimetracker.user_project
2016-08-22 14:38 INFO  TableMetadata:67 - HHH000037: Columns: [user_user_id, user_id, project_id, project_project_id, user_project_id]
2016-08-22 14:38 INFO  TableMetadata:69 - HHH000108: Foreign keys: [fk_hiaemnfkfki8kxekgvatgd02h, user_project_ibfk_2, user_project_ibfk_1, fk_d8s4td862b7ptptje4u5s7gqc]
2016-08-22 14:38 INFO  TableMetadata:70 - HHH000126: Indexes: [foreign_key_1, foreign_key_2, fk_hiaemnfkfki8kxekgvatgd02h, primary, fk_d8s4td862b7ptptje4u5s7gqc]
2016-08-22 14:38 INFO  TableMetadata:66 - HHH000261: Table found: developerstimetracker.user_time
2016-08-22 14:38 INFO  TableMetadata:67 - HHH000037: Columns: [user_user_id, time_id, user_id, project_id, user_date, description, project_project_id, time, user_time]
2016-08-22 14:38 INFO  TableMetadata:69 - HHH000108: Foreign keys: [user_time_ibfk_2, user_time_ibfk_1, fk_19ef64qyhcu6ca3s59mvvcv84, fk_2i629h0kx31sd9v3cgc3n9a45]
2016-08-22 14:38 INFO  TableMetadata:70 - HHH000126: Indexes: [fk_19ef64qyhcu6ca3s59mvvcv84, foreign_key, foreign_key_3, fk_2i629h0kx31sd9v3cgc3n9a45, primary]
2016-08-22 14:38 INFO  TableMetadata:66 - HHH000261: Table found: developerstimetracker.user_user_time
2016-08-22 14:38 INFO  TableMetadata:67 - HHH000037: Columns: [user_user_id, usertime_time_id]
2016-08-22 14:38 INFO  TableMetadata:69 - HHH000108: Foreign keys: [fk_dvhn1ydxoj6rxl4gdel9tt9r2, fk_1a5e1d7l7129ika1cljdqdvra]
2016-08-22 14:38 INFO  TableMetadata:70 - HHH000126: Indexes: [fk_dvhn1ydxoj6rxl4gdel9tt9r2, uk_dvhn1ydxoj6rxl4gdel9tt9r2, fk_1a5e1d7l7129ika1cljdqdvra]
2016-08-22 14:38 INFO  SchemaUpdate:267 - HHH000232: Schema update complete
2016-08-22 14:38 INFO  SimpleUrlHandlerMapping:341 - Mapped URL path [/resources/**] onto handler 'org.springframework.web.servlet.resource.ResourceHttpRequestHandler#0'
2016-08-22 14:38 INFO  RequestMappingHandlerMapping:534 - Mapped "{[/users/admin/time/descriptions],methods=[GET]}" onto public java.util.List<com.mycompany.developerstimetracker.entity.User> com.mycompany.developerstimetracker.controller.DataController.getUsers()
2016-08-22 14:38 INFO  RequestMappingHandlerMapping:534 - Mapped "{[/users/{id}],methods=[GET]}" onto public com.mycompany.developerstimetracker.entity.User com.mycompany.developerstimetracker.controller.DataController.getUserById(int)
2016-08-22 14:38 INFO  RequestMappingHandlerMapping:534 - Mapped "{[/users/admin/teamlead/addproject],methods=[PUT]}" onto public com.mycompany.developerstimetracker.entity.Project com.mycompany.developerstimetracker.controller.DataController.addNewProject(com.mycompany.developerstimetracker.entity.Project)
2016-08-22 14:38 INFO  RequestMappingHandlerMapping:534 - Mapped "{[/users/admin/teamlead/report//{id}/byrange/{fromDate}/{toDate}/{format}],methods=[POST]}" onto public java.lang.String com.mycompany.developerstimetracker.controller.DataController.getReportByRange(int,java.sql.Date,java.sql.Date,java.lang.String) throws net.sf.jasperreports.engine.JRException
2016-08-22 14:38 INFO  RequestMappingHandlerMapping:534 - Mapped "{[/users/admin/teamlead/report/{id}/bymonth/{month}/{format}],methods=[POST]}" onto public java.lang.String com.mycompany.developerstimetracker.controller.DataController.getReportByMonth(int,java.time.Month,java.lang.String) throws net.sf.jasperreports.engine.JRException
2016-08-22 14:38 INFO  RequestMappingHandlerMapping:534 - Mapped "{[/users/allprojects],methods=[GET]}" onto public java.util.List<com.mycompany.developerstimetracker.entity.Project> com.mycompany.developerstimetracker.controller.DataController.getAllProjects()
2016-08-22 14:38 INFO  RequestMappingHandlerMapping:534 - Mapped "{[/users/{id}/totaltime],methods=[GET]}" onto public int com.mycompany.developerstimetracker.controller.DataController.getTotalTime(int)
2016-08-22 14:38 INFO  RequestMappingHandlerMapping:534 - Mapped "{[/users/admin/add],methods=[POST]}" onto public com.mycompany.developerstimetracker.entity.User com.mycompany.developerstimetracker.controller.DataController.addNewUser(com.mycompany.developerstimetracker.dto.UserTO)
2016-08-22 14:38 INFO  RequestMappingHandlerMapping:534 - Mapped "{[/users/admin/teamlead/{userId}/{projectName}],methods=[PUT]}" onto public java.lang.String com.mycompany.developerstimetracker.controller.DataController.addUserToProject(int,java.lang.String)
2016-08-22 14:38 INFO  RequestMappingHandlerMapping:534 - Mapped "{[/users/{id}/time/descriptions/byrange/{fromDate}/{toDate}],methods=[GET]}" onto public java.util.List<com.mycompany.developerstimetracker.entity.Time> com.mycompany.developerstimetracker.controller.DataController.getUserTimeAndDescriptionByRange(int,java.sql.Date,java.sql.Date)
2016-08-22 14:38 INFO  RequestMappingHandlerMapping:534 - Mapped "{[/users/{id}/availableprojects],methods=[GET]}" onto public java.util.List<com.mycompany.developerstimetracker.entity.Project> com.mycompany.developerstimetracker.controller.DataController.getAvailableProjects(java.lang.Integer)
2016-08-22 14:38 INFO  RequestMappingHandlerMapping:534 - Mapped "{[/users/{id}/time/descriptions/bylimit/{limit}],methods=[GET]}" onto public java.util.List<com.mycompany.developerstimetracker.entity.Time> com.mycompany.developerstimetracker.controller.DataController.getUserTimeAndDescriptionByLimit(int,int)
2016-08-22 14:38 INFO  RequestMappingHandlerMapping:534 - Mapped "{[/users/{userid}/{projectname}/update],methods=[PUT]}" onto public com.mycompany.developerstimetracker.entity.Time com.mycompany.developerstimetracker.controller.DataController.updateUserTimeAndDescriptions(java.lang.Integer,java.lang.String,com.mycompany.developerstimetracker.dto.TimeTO)
2016-08-22 14:38 INFO  RequestMappingHandlerMapping:534 - Mapped "{[/users/admin/teamlead/{projectName}/getUsers],methods=[GET]}" onto public java.util.List<com.mycompany.developerstimetracker.entity.User> com.mycompany.developerstimetracker.controller.DataController.getUsersInProject(java.lang.String)
2016-08-22 14:38 INFO  RequestMappingHandlerMapping:534 - Mapped "{[/users/admin/teamlead/{userId}/{projectName}/remove],methods=[DELETE]}" onto public java.lang.String com.mycompany.developerstimetracker.controller.DataController.removeUserFromProject(int,java.lang.String)
2016-08-22 14:38 INFO  RequestMappingHandlerMapping:534 - Mapped "{[/users/{id}/time/descriptions/bymonth/{month}],methods=[GET]}" onto public java.util.List<com.mycompany.developerstimetracker.entity.Time> com.mycompany.developerstimetracker.controller.DataController.getUserTimeAndDescriptionByMonth(int,java.time.Month)
2016-08-22 14:38 INFO  RequestMappingHandlerMapping:534 - Mapped "{[/users/admin]}" onto public java.lang.String com.mycompany.developerstimetracker.controller.PageController.Start(javax.servlet.http.HttpServletRequest,org.springframework.ui.ModelMap)
2016-08-22 14:38 INFO  RequestMappingHandlerMapping:534 - Mapped "{[/users/admin/time/descriptions],produces=[text/html]}" onto public java.lang.String com.mycompany.developerstimetracker.controller.PageController.getUsers(java.util.Map<java.lang.String, java.lang.Object>)
2016-08-22 14:38 INFO  RequestMappingHandlerMapping:534 - Mapped "{[/users/{id}],produces=[text/html]}" onto public java.lang.String com.mycompany.developerstimetracker.controller.PageController.getUserById(int,org.springframework.ui.ModelMap)
2016-08-22 14:38 INFO  RequestMappingHandlerMapping:534 - Mapped "{[/users/admin/add],produces=[text/html]}" onto public java.lang.String com.mycompany.developerstimetracker.controller.PageController.addNewUser()
2016-08-22 14:38 INFO  RequestMappingHandlerMapping:534 - Mapped "{[/users/admin/teamlead],produces=[text/html]}" onto public java.lang.String com.mycompany.developerstimetracker.controller.PageController.teamLead(org.springframework.ui.ModelMap)
2016-08-22 14:38 INFO  RequestMappingHandlerMapping:534 - Mapped "{[/users/403]}" onto public java.lang.String com.mycompany.developerstimetracker.controller.PageController.accessDenied()
2016-08-22 14:38 INFO  RequestMappingHandlerMapping:534 - Mapped "{[/users]}" onto public java.lang.String com.mycompany.developerstimetracker.controller.PageController.logIn()
2016-08-22 14:38 INFO  RequestMappingHandlerAdapter:532 - Looking for @ControllerAdvice: Root WebApplicationContext: startup date [Mon Aug 22 14:38:29 EEST 2016]; root of context hierarchy
2016-08-22 14:38 INFO  RequestMappingHandlerAdapter:532 - Looking for @ControllerAdvice: Root WebApplicationContext: startup date [Mon Aug 22 14:38:29 EEST 2016]; root of context hierarchy
2016-08-22 14:38 INFO  HibernateTransactionManager:360 - Using DataSource [org.springframework.jdbc.datasource.DriverManagerDataSource@5ad384b6] of Hibernate SessionFactory for HibernateTransactionManager
2016-08-22 14:38 INFO  JdbcUserDetailsManager:115 - No authentication manager set. Reauthentication of users when changing passwords will not be performed.
2016-08-22 14:38 INFO  DefaultSecurityFilterChain:28 - Creating filter chain: org.springframework.security.web.util.matcher.AnyRequestMatcher@1, [org.springframework.security.web.context.SecurityContextPersistenceFilter@6f2c49b1, org.springframework.security.web.context.request.async.WebAsyncManagerIntegrationFilter@7831fbfe, org.springframework.security.web.header.HeaderWriterFilter@11524365, org.springframework.security.web.authentication.logout.LogoutFilter@1f6f714, org.springframework.security.web.authentication.UsernamePasswordAuthenticationFilter@c9a475a, org.springframework.security.web.authentication.www.BasicAuthenticationFilter@7b03b33c, org.springframework.security.web.savedrequest.RequestCacheAwareFilter@78c98e52, org.springframework.security.web.servletapi.SecurityContextHolderAwareRequestFilter@4eb19808, org.springframework.security.web.authentication.AnonymousAuthenticationFilter@104fa613, org.springframework.security.web.session.SessionManagementFilter@76336d75, org.springframework.security.web.access.ExceptionTranslationFilter@42bcd6ff, org.springframework.security.web.access.intercept.FilterSecurityInterceptor@f6778]
2016-08-22 14:38 INFO  DefaultFilterChainValidator:139 - Checking whether login URL '/users' is accessible with your configuration
2016-08-22 14:38 INFO  ContextLoader:345 - Root WebApplicationContext: initialization completed in 7661 ms
2016-08-22 14:38 INFO  DispatcherServlet:488 - FrameworkServlet 'spring-mvc': initialization started
2016-08-22 14:38 INFO  XmlWebApplicationContext:578 - Refreshing WebApplicationContext for namespace 'spring-mvc-servlet': startup date [Mon Aug 22 14:38:36 EEST 2016]; parent: Root WebApplicationContext
2016-08-22 14:38 INFO  XmlBeanDefinitionReader:317 - Loading XML bean definitions from ServletContext resource [/WEB-INF/spring-mvc-servlet.xml]
2016-08-22 14:38 INFO  DriverManagerDataSource:133 - Loaded JDBC driver: com.mysql.jdbc.Driver
2016-08-22 14:38 INFO  Dialect:130 - HHH000400: Using dialect: org.hibernate.dialect.MySQLDialect
2016-08-22 14:38 INFO  LobCreatorBuilder:94 - HHH000423: Disabling contextual LOB creation as JDBC driver reported JDBC version [3] less than 4
2016-08-22 14:38 INFO  TransactionFactoryInitiator:68 - HHH000399: Using default transaction strategy (direct JDBC transactions)
2016-08-22 14:38 INFO  ASTQueryTranslatorFactory:48 - HHH000397: Using ASTQueryTranslatorFactory
2016-08-22 14:38 INFO  SchemaUpdate:207 - HHH000228: Running hbm2ddl schema update
2016-08-22 14:38 INFO  SchemaUpdate:218 - HHH000102: Fetching database metadata
2016-08-22 14:38 INFO  SchemaUpdate:230 - HHH000396: Updating schema
2016-08-22 14:38 INFO  TableMetadata:66 - HHH000261: Table found: developerstimetracker.project
2016-08-22 14:38 INFO  TableMetadata:67 - HHH000037: Columns: [project_id, project_name]
2016-08-22 14:38 INFO  TableMetadata:69 - HHH000108: Foreign keys: []
2016-08-22 14:38 INFO  TableMetadata:70 - HHH000126: Indexes: [primary]
2016-08-22 14:38 INFO  TableMetadata:66 - HHH000261: Table found: developerstimetracker.user
2016-08-22 14:38 INFO  TableMetadata:67 - HHH000037: Columns: [user_role, user_password, user_id, user_last_name, user_name, user_login, user_position, user_time]
2016-08-22 14:38 INFO  TableMetadata:69 - HHH000108: Foreign keys: []
2016-08-22 14:38 INFO  TableMetadata:70 - HHH000126: Indexes: [primary]
2016-08-22 14:38 INFO  TableMetadata:66 - HHH000261: Table found: developerstimetracker.user_project
2016-08-22 14:38 INFO  TableMetadata:67 - HHH000037: Columns: [user_user_id, user_id, project_id, project_project_id, user_project_id]
2016-08-22 14:38 INFO  TableMetadata:69 - HHH000108: Foreign keys: [fk_hiaemnfkfki8kxekgvatgd02h, user_project_ibfk_2, user_project_ibfk_1, fk_d8s4td862b7ptptje4u5s7gqc]
2016-08-22 14:38 INFO  TableMetadata:70 - HHH000126: Indexes: [foreign_key_1, foreign_key_2, fk_hiaemnfkfki8kxekgvatgd02h, primary, fk_d8s4td862b7ptptje4u5s7gqc]
2016-08-22 14:38 INFO  TableMetadata:66 - HHH000261: Table found: developerstimetracker.user_time
2016-08-22 14:38 INFO  TableMetadata:67 - HHH000037: Columns: [user_user_id, time_id, user_id, project_id, user_date, description, project_project_id, time, user_time]
2016-08-22 14:38 INFO  TableMetadata:69 - HHH000108: Foreign keys: [user_time_ibfk_2, user_time_ibfk_1, fk_19ef64qyhcu6ca3s59mvvcv84, fk_2i629h0kx31sd9v3cgc3n9a45]
2016-08-22 14:38 INFO  TableMetadata:70 - HHH000126: Indexes: [fk_19ef64qyhcu6ca3s59mvvcv84, foreign_key, foreign_key_3, fk_2i629h0kx31sd9v3cgc3n9a45, primary]
2016-08-22 14:38 INFO  TableMetadata:66 - HHH000261: Table found: developerstimetracker.user_user_time
2016-08-22 14:38 INFO  TableMetadata:67 - HHH000037: Columns: [user_user_id, usertime_time_id]
2016-08-22 14:38 INFO  TableMetadata:69 - HHH000108: Foreign keys: [fk_dvhn1ydxoj6rxl4gdel9tt9r2, fk_1a5e1d7l7129ika1cljdqdvra]
2016-08-22 14:38 INFO  TableMetadata:70 - HHH000126: Indexes: [fk_dvhn1ydxoj6rxl4gdel9tt9r2, uk_dvhn1ydxoj6rxl4gdel9tt9r2, fk_1a5e1d7l7129ika1cljdqdvra]
2016-08-22 14:38 INFO  SchemaUpdate:267 - HHH000232: Schema update complete
2016-08-22 14:38 INFO  SimpleUrlHandlerMapping:341 - Mapped URL path [/resources/**] onto handler 'org.springframework.web.servlet.resource.ResourceHttpRequestHandler#0'
2016-08-22 14:38 INFO  RequestMappingHandlerMapping:534 - Mapped "{[/users/admin/time/descriptions],methods=[GET]}" onto public java.util.List<com.mycompany.developerstimetracker.entity.User> com.mycompany.developerstimetracker.controller.DataController.getUsers()
2016-08-22 14:38 INFO  RequestMappingHandlerMapping:534 - Mapped "{[/users/{id}],methods=[GET]}" onto public com.mycompany.developerstimetracker.entity.User com.mycompany.developerstimetracker.controller.DataController.getUserById(int)
2016-08-22 14:38 INFO  RequestMappingHandlerMapping:534 - Mapped "{[/users/admin/teamlead/addproject],methods=[PUT]}" onto public com.mycompany.developerstimetracker.entity.Project com.mycompany.developerstimetracker.controller.DataController.addNewProject(com.mycompany.developerstimetracker.entity.Project)
2016-08-22 14:38 INFO  RequestMappingHandlerMapping:534 - Mapped "{[/users/admin/teamlead/report//{id}/byrange/{fromDate}/{toDate}/{format}],methods=[POST]}" onto public java.lang.String com.mycompany.developerstimetracker.controller.DataController.getReportByRange(int,java.sql.Date,java.sql.Date,java.lang.String) throws net.sf.jasperreports.engine.JRException
2016-08-22 14:38 INFO  RequestMappingHandlerMapping:534 - Mapped "{[/users/admin/teamlead/report/{id}/bymonth/{month}/{format}],methods=[POST]}" onto public java.lang.String com.mycompany.developerstimetracker.controller.DataController.getReportByMonth(int,java.time.Month,java.lang.String) throws net.sf.jasperreports.engine.JRException
2016-08-22 14:38 INFO  RequestMappingHandlerMapping:534 - Mapped "{[/users/allprojects],methods=[GET]}" onto public java.util.List<com.mycompany.developerstimetracker.entity.Project> com.mycompany.developerstimetracker.controller.DataController.getAllProjects()
2016-08-22 14:38 INFO  RequestMappingHandlerMapping:534 - Mapped "{[/users/{id}/totaltime],methods=[GET]}" onto public int com.mycompany.developerstimetracker.controller.DataController.getTotalTime(int)
2016-08-22 14:38 INFO  RequestMappingHandlerMapping:534 - Mapped "{[/users/admin/add],methods=[POST]}" onto public com.mycompany.developerstimetracker.entity.User com.mycompany.developerstimetracker.controller.DataController.addNewUser(com.mycompany.developerstimetracker.dto.UserTO)
2016-08-22 14:38 INFO  RequestMappingHandlerMapping:534 - Mapped "{[/users/admin/teamlead/{userId}/{projectName}],methods=[PUT]}" onto public java.lang.String com.mycompany.developerstimetracker.controller.DataController.addUserToProject(int,java.lang.String)
2016-08-22 14:38 INFO  RequestMappingHandlerMapping:534 - Mapped "{[/users/{id}/time/descriptions/byrange/{fromDate}/{toDate}],methods=[GET]}" onto public java.util.List<com.mycompany.developerstimetracker.entity.Time> com.mycompany.developerstimetracker.controller.DataController.getUserTimeAndDescriptionByRange(int,java.sql.Date,java.sql.Date)
2016-08-22 14:38 INFO  RequestMappingHandlerMapping:534 - Mapped "{[/users/{id}/availableprojects],methods=[GET]}" onto public java.util.List<com.mycompany.developerstimetracker.entity.Project> com.mycompany.developerstimetracker.controller.DataController.getAvailableProjects(java.lang.Integer)
2016-08-22 14:38 INFO  RequestMappingHandlerMapping:534 - Mapped "{[/users/{id}/time/descriptions/bylimit/{limit}],methods=[GET]}" onto public java.util.List<com.mycompany.developerstimetracker.entity.Time> com.mycompany.developerstimetracker.controller.DataController.getUserTimeAndDescriptionByLimit(int,int)
2016-08-22 14:38 INFO  RequestMappingHandlerMapping:534 - Mapped "{[/users/{userid}/{projectname}/update],methods=[PUT]}" onto public com.mycompany.developerstimetracker.entity.Time com.mycompany.developerstimetracker.controller.DataController.updateUserTimeAndDescriptions(java.lang.Integer,java.lang.String,com.mycompany.developerstimetracker.dto.TimeTO)
2016-08-22 14:38 INFO  RequestMappingHandlerMapping:534 - Mapped "{[/users/admin/teamlead/{projectName}/getUsers],methods=[GET]}" onto public java.util.List<com.mycompany.developerstimetracker.entity.User> com.mycompany.developerstimetracker.controller.DataController.getUsersInProject(java.lang.String)
2016-08-22 14:38 INFO  RequestMappingHandlerMapping:534 - Mapped "{[/users/admin/teamlead/{userId}/{projectName}/remove],methods=[DELETE]}" onto public java.lang.String com.mycompany.developerstimetracker.controller.DataController.removeUserFromProject(int,java.lang.String)
2016-08-22 14:38 INFO  RequestMappingHandlerMapping:534 - Mapped "{[/users/{id}/time/descriptions/bymonth/{month}],methods=[GET]}" onto public java.util.List<com.mycompany.developerstimetracker.entity.Time> com.mycompany.developerstimetracker.controller.DataController.getUserTimeAndDescriptionByMonth(int,java.time.Month)
2016-08-22 14:38 INFO  RequestMappingHandlerMapping:534 - Mapped "{[/users/admin]}" onto public java.lang.String com.mycompany.developerstimetracker.controller.PageController.Start(javax.servlet.http.HttpServletRequest,org.springframework.ui.ModelMap)
2016-08-22 14:38 INFO  RequestMappingHandlerMapping:534 - Mapped "{[/users/admin/time/descriptions],produces=[text/html]}" onto public java.lang.String com.mycompany.developerstimetracker.controller.PageController.getUsers(java.util.Map<java.lang.String, java.lang.Object>)
2016-08-22 14:38 INFO  RequestMappingHandlerMapping:534 - Mapped "{[/users/{id}],produces=[text/html]}" onto public java.lang.String com.mycompany.developerstimetracker.controller.PageController.getUserById(int,org.springframework.ui.ModelMap)
2016-08-22 14:38 INFO  RequestMappingHandlerMapping:534 - Mapped "{[/users/admin/add],produces=[text/html]}" onto public java.lang.String com.mycompany.developerstimetracker.controller.PageController.addNewUser()
2016-08-22 14:38 INFO  RequestMappingHandlerMapping:534 - Mapped "{[/users/admin/teamlead],produces=[text/html]}" onto public java.lang.String com.mycompany.developerstimetracker.controller.PageController.teamLead(org.springframework.ui.ModelMap)
2016-08-22 14:38 INFO  RequestMappingHandlerMapping:534 - Mapped "{[/users/403]}" onto public java.lang.String com.mycompany.developerstimetracker.controller.PageController.accessDenied()
2016-08-22 14:38 INFO  RequestMappingHandlerMapping:534 - Mapped "{[/users]}" onto public java.lang.String com.mycompany.developerstimetracker.controller.PageController.logIn()
2016-08-22 14:38 INFO  RequestMappingHandlerAdapter:532 - Looking for @ControllerAdvice: WebApplicationContext for namespace 'spring-mvc-servlet': startup date [Mon Aug 22 14:38:36 EEST 2016]; parent: Root WebApplicationContext
2016-08-22 14:38 INFO  RequestMappingHandlerAdapter:532 - Looking for @ControllerAdvice: WebApplicationContext for namespace 'spring-mvc-servlet': startup date [Mon Aug 22 14:38:36 EEST 2016]; parent: Root WebApplicationContext
2016-08-22 14:38 INFO  HibernateTransactionManager:360 - Using DataSource [org.springframework.jdbc.datasource.DriverManagerDataSource@777983c] of Hibernate SessionFactory for HibernateTransactionManager
2016-08-22 14:38 INFO  DispatcherServlet:507 - FrameworkServlet 'spring-mvc': initialization completed in 2008 ms
